[36020:259:0526/033417.396066:WARNING:chrome_main_delegate.cc(742)] This is Chrome version 125.0.6422.113 (not a warning)
[36020:259:0526/033417.682866:INFO:chrome_browser_cloud_management_controller.cc(168)] Starting CBCM Controller Initialization
[36020:259:0526/033417.682922:INFO:chrome_browser_cloud_management_controller.cc(196)] No machine level policy manager exists.
[36020:259:0526/033417.725439:WARNING:browser_management_service.cc(128)] EnterpriseLogoUrl fetch failed with error code -1 and MIME type 
[36030:20739:0526/033418.348218:ERROR:simple_version_upgrade.cc(170)] Disk cache backend fake index file has wrong magic number.
[36030:20739:0526/033418.350585:ERROR:simple_backend_impl.cc(751)] Simple Cache Backend: wrong file structure on disk: 3 path: /Users/falkspehle/Documents/Rondo-PDF-to-Web/PDF to Web/chrome_user_data/Profile 1/Cache/Cache_Data
[36020:259:0526/033419.479925:INFO:CONSOLE(0)] "ResizeObserver loop completed with undelivered notifications.", source: https://app.artesa.de/office/assignment/create (0)
[36020:259:0526/033419.691005:INFO:CONSOLE(300)] "Google Maps JavaScript API has been loaded directly without loading=async. This can result in suboptimal performance. For best-practice loading patterns please see https://goo.gle/js-api-loading", source: https://maps.googleapis.com/maps/api/js?key=AIzaSyBHjqhHTvo8BgnhDCfPPykjDoHLvZNu14I&libraries=places&callback=vueGoogleMapsInit (300)
[36029:40707:0526/033426.155546:ERROR:latency_info.cc(93)] CompositorFrameSinkSupport::MaybeSubmitCompositorFrame, LatencyInfo vector size 140 is too big.
[36020:259:0526/033428.083915:WARNING:controller_impl.cc(1191)] Background download complete, client: 6, completion type: 0, file size:265059
[36020:259:0526/033428.086904:WARNING:controller_impl.cc(1191)] Background download complete, client: 6, completion type: 0, file size:5154
[36020:259:0526/033428.286564:WARNING:controller_impl.cc(1191)] Background download complete, client: 6, completion type: 0, file size:45166
[36020:259:0526/033429.236350:WARNING:controller_impl.cc(1191)] Background download complete, client: 6, completion type: 0, file size:2200227
[36020:259:0526/033429.335707:WARNING:controller_impl.cc(1191)] Background download complete, client: 6, completion type: 0, file size:4680
[36020:259:0526/033429.434379:WARNING:controller_impl.cc(1191)] Background download complete, client: 6, completion type: 0, file size:3844
[36020:259:0526/033429.498375:WARNING:controller_impl.cc(1191)] Background download complete, client: 6, completion type: 0, file size:2747169
[36020:259:0526/033429.939838:WARNING:controller_impl.cc(1191)] Background download complete, client: 6, completion type: 0, file size:1463571
[36020:259:0526/033444.192467:INFO:CONSOLE(242)] "As of February 21st, 2024, google.maps.Marker is deprecated. Please use google.maps.marker.AdvancedMarkerElement instead. At this time, google.maps.Marker is not scheduled to be discontinued, but google.maps.marker.AdvancedMarkerElement is recommended over google.maps.Marker. While google.maps.Marker will continue to receive bug fixes for any major regressions, existing bugs in google.maps.Marker will not be addressed. At least 12 months notice will be given before support is discontinued. Please see https://developers.google.com/maps/deprecations for additional details and https://developers.google.com/maps/documentation/javascript/advanced-markers/migration for the migration guide.", source: https://maps.googleapis.com/maps/api/js?key=AIzaSyBHjqhHTvo8BgnhDCfPPykjDoHLvZNu14I&libraries=places&callback=vueGoogleMapsInit (242)
[36020:259:0526/033522.229326:WARNING:browser_management_service.cc(128)] EnterpriseLogoUrl fetch failed with error code -1 and MIME type 
[36030:20739:0526/033523.693207:WARNING:sqlite_persistent_store_backend_base.cc(198)] Failed to post task from FlushAndNotifyInBackground@net/extras/sqlite/sqlite_persistent_store_backend_base.cc:247 to client_task_runner_.
[36030:20739:0526/033523.704179:WARNING:sqlite_persistent_store_backend_base.cc(198)] Failed to post task from FlushAndNotifyInBackground@net/extras/sqlite/sqlite_persistent_store_backend_base.cc:247 to client_task_runner_.
[36020:259:0526/033523.897688:WARNING:pref_notifier_impl.cc(41)] Pref observer for media_router.cast_allow_all_ips found at shutdown.
